{"C:\\Users\\user\\OneDrive\\Documents\\GitHub\\Microverse\\Module_2\\JS-capstone-project\\src\\modules\\functions.js": {"path":"C:\\Users\\user\\OneDrive\\Documents\\GitHub\\Microverse\\Module_2\\JS-capstone-project\\src\\modules\\functions.js","statementMap":{"0":{"start":{"line":2,"column":27},"end":{"line":7,"column":1}},"1":{"start":{"line":3,"column":18},"end":{"line":3,"column":83}},"2":{"start":{"line":4,"column":19},"end":{"line":4,"column":39}},"3":{"start":{"line":5,"column":15},"end":{"line":5,"column":36}},"4":{"start":{"line":6,"column":2},"end":{"line":6,"column":20}},"5":{"start":{"line":10,"column":30},"end":{"line":28,"column":1}},"6":{"start":{"line":11,"column":26},"end":{"line":11,"column":62}},"7":{"start":{"line":12,"column":2},"end":{"line":27,"column":5}},"8":{"start":{"line":13,"column":21},"end":{"line":13,"column":50}},"9":{"start":{"line":14,"column":4},"end":{"line":14,"column":55}},"10":{"start":{"line":15,"column":4},"end":{"line":25,"column":28}},"11":{"start":{"line":26,"column":4},"end":{"line":26,"column":42}},"12":{"start":{"line":31,"column":22},"end":{"line":36,"column":1}},"13":{"start":{"line":32,"column":18},"end":{"line":32,"column":105}},"14":{"start":{"line":33,"column":2},"end":{"line":35,"column":5}},"15":{"start":{"line":39,"column":23},"end":{"line":50,"column":1}},"16":{"start":{"line":40,"column":18},"end":{"line":40,"column":132}},"17":{"start":{"line":41,"column":2},"end":{"line":49,"column":5}},"18":{"start":{"line":53,"column":28},"end":{"line":58,"column":1}},"19":{"start":{"line":54,"column":18},"end":{"line":54,"column":132}},"20":{"start":{"line":55,"column":19},"end":{"line":55,"column":39}},"21":{"start":{"line":56,"column":15},"end":{"line":56,"column":36}},"22":{"start":{"line":57,"column":2},"end":{"line":57,"column":14}},"23":{"start":{"line":61,"column":27},"end":{"line":70,"column":1}},"24":{"start":{"line":62,"column":2},"end":{"line":69,"column":5}},"25":{"start":{"line":63,"column":4},"end":{"line":68,"column":5}},"26":{"start":{"line":65,"column":21},"end":{"line":65,"column":45}},"27":{"start":{"line":66,"column":19},"end":{"line":66,"column":55}},"28":{"start":{"line":67,"column":6},"end":{"line":67,"column":50}},"29":{"start":{"line":73,"column":23},"end":{"line":78,"column":1}},"30":{"start":{"line":74,"column":18},"end":{"line":74,"column":83}},"31":{"start":{"line":75,"column":19},"end":{"line":75,"column":39}},"32":{"start":{"line":76,"column":15},"end":{"line":76,"column":36}},"33":{"start":{"line":77,"column":2},"end":{"line":77,"column":27}},"34":{"start":{"line":81,"column":35},"end":{"line":84,"column":1}},"35":{"start":{"line":82,"column":13},"end":{"line":82,"column":57}},"36":{"start":{"line":83,"column":2},"end":{"line":83,"column":41}}},"fnMap":{"0":{"name":"(anonymous_0)","decl":{"start":{"line":2,"column":27},"end":{"line":2,"column":28}},"loc":{"start":{"line":2,"column":39},"end":{"line":7,"column":1}},"line":2},"1":{"name":"(anonymous_1)","decl":{"start":{"line":10,"column":30},"end":{"line":10,"column":31}},"loc":{"start":{"line":10,"column":50},"end":{"line":28,"column":1}},"line":10},"2":{"name":"(anonymous_2)","decl":{"start":{"line":12,"column":19},"end":{"line":12,"column":20}},"loc":{"start":{"line":12,"column":32},"end":{"line":27,"column":3}},"line":12},"3":{"name":"(anonymous_3)","decl":{"start":{"line":31,"column":22},"end":{"line":31,"column":23}},"loc":{"start":{"line":31,"column":34},"end":{"line":36,"column":1}},"line":31},"4":{"name":"(anonymous_4)","decl":{"start":{"line":39,"column":23},"end":{"line":39,"column":24}},"loc":{"start":{"line":39,"column":43},"end":{"line":50,"column":1}},"line":39},"5":{"name":"(anonymous_5)","decl":{"start":{"line":53,"column":28},"end":{"line":53,"column":29}},"loc":{"start":{"line":53,"column":40},"end":{"line":58,"column":1}},"line":53},"6":{"name":"(anonymous_6)","decl":{"start":{"line":61,"column":27},"end":{"line":61,"column":28}},"loc":{"start":{"line":61,"column":56},"end":{"line":70,"column":1}},"line":61},"7":{"name":"(anonymous_7)","decl":{"start":{"line":62,"column":20},"end":{"line":62,"column":21}},"loc":{"start":{"line":62,"column":33},"end":{"line":69,"column":3}},"line":62},"8":{"name":"(anonymous_8)","decl":{"start":{"line":73,"column":23},"end":{"line":73,"column":24}},"loc":{"start":{"line":73,"column":35},"end":{"line":78,"column":1}},"line":73},"9":{"name":"(anonymous_9)","decl":{"start":{"line":81,"column":35},"end":{"line":81,"column":36}},"loc":{"start":{"line":81,"column":50},"end":{"line":84,"column":1}},"line":81}},"branchMap":{"0":{"loc":{"start":{"line":63,"column":4},"end":{"line":68,"column":5}},"type":"if","locations":[{"start":{"line":63,"column":4},"end":{"line":68,"column":5}},{"start":{},"end":{}}],"line":63}},"s":{"0":1,"1":0,"2":0,"3":0,"4":0,"5":1,"6":0,"7":0,"8":0,"9":0,"10":0,"11":0,"12":1,"13":0,"14":0,"15":1,"16":0,"17":0,"18":1,"19":0,"20":0,"21":0,"22":0,"23":1,"24":0,"25":0,"26":0,"27":0,"28":0,"29":1,"30":1,"31":1,"32":1,"33":1,"34":1,"35":0,"36":0},"f":{"0":0,"1":0,"2":0,"3":0,"4":0,"5":0,"6":0,"7":0,"8":1,"9":0},"b":{"0":[0,0]},"_coverageSchema":"1a1c01bbd47fc00a2c39e90264f33305004495a9","hash":"27be3ed0c57188f64fe31410192712dc68ad02cd"}
}
